<?xml version="1.0" encoding="UTF-8"?>
<!-- Generated by org.testng.reporters.JUnitXMLReporter -->
<testsuite ignored="0" hostname="DESKTOP-BEUJM6U" failures="0" tests="9" name="Test" time="30.101" errors="0" timestamp="2025-10-27T23:34:50 IST">
  <testcase classname="Test.SearchAndDownloadReportTest" name="SearchUser" time="2.151"/>
  <testcase classname="Test.NewTest" name="openMyBlog" time="0.676"/>
  <testcase classname="Test.BtnTest" name="DashboardLoadTest" time="0.706"/>
  <testcase classname="Test.RegexTest" name="Verifycredentials" time="3.558"/>
  <testcase classname="Test.RegexTest" name="Verifycredentials" time="2.347"/>
  <testcase classname="Test.RegexTest" name="Verifycredentials" time="2.511"/>
  <testcase classname="Selenium.Test.AppTest" name="testApp" time="0.008"/>
  <testcase classname="Test.SearchTestReport" name="SearchUser" time="1.295"/>
  <testcase classname="Test.LoginTest" name="Login" time="1.508"/>
</testsuite> <!-- Test -->
