<?xml version="1.0" encoding="UTF-8"?>
<!-- Generated by org.testng.reporters.JUnitReportReporter -->
<testsuite hostname="DESKTOP-BEUJM6U" failures="0" tests="3" name="Test.RegexTest" time="3.522" errors="0" timestamp="2025-10-31T17:41:54 IST" skipped="0">
  <testcase classname="Test.RegexTest" name="Verifycredentials" time="1.488"/>
  <testcase classname="Test.RegexTest" name="Verifycredentials" time="0.893"/>
  <testcase classname="Test.RegexTest" name="Verifycredentials" time="1.141"/>
</testsuite> <!-- Test.RegexTest -->
