<?xml version="1.0" encoding="UTF-8"?>
<testng-results ignored="0" total="1" passed="1" failed="0" skipped="0">
  <reporter-output>
  </reporter-output>
  <suite started-at="2025-10-31T18:31:43 IST" name="Default suite" finished-at="2025-10-31T18:31:48 IST" duration-ms="4985">
    <groups>
    </groups>
    <test started-at="2025-10-31T18:31:43 IST" name="Default test" finished-at="2025-10-31T18:31:48 IST" duration-ms="4985">
      <class name="Test.SearchTestReport">
        <test-method is-config="true" signature="beforeClass()[pri:0, instance:Test.SearchTestReport@40a4337a]" started-at="2025-10-31T18:31:43 IST" name="beforeClass" finished-at="2025-10-31T18:31:47 IST" duration-ms="3249" status="PASS">
          <reporter-output>
          </reporter-output>
        </test-method> <!-- beforeClass -->
        <test-method signature="SearchUser()[pri:0, instance:Test.SearchTestReport@40a4337a]" started-at="2025-10-31T18:31:47 IST" name="SearchUser" finished-at="2025-10-31T18:31:48 IST" duration-ms="1344" status="PASS">
          <reporter-output>
          </reporter-output>
        </test-method> <!-- SearchUser -->
        <test-method is-config="true" signature="afterClass()[pri:0, instance:Test.SearchTestReport@40a4337a]" started-at="2025-10-31T18:31:48 IST" name="afterClass" finished-at="2025-10-31T18:31:48 IST" duration-ms="288" status="PASS">
          <reporter-output>
          </reporter-output>
        </test-method> <!-- afterClass -->
      </class> <!-- Test.SearchTestReport -->
    </test> <!-- Default test -->
  </suite> <!-- Default suite -->
</testng-results>
